C:\Program Files\Microsoft Visual Studio\2022\Community\MSBuild\Microsoft\VC\v170\Microsoft.CppBuild.targets(516,5): warning MSB8004: Intermediate Directory does not end with a trailing slash.  This build instance will add the slash as it is required to allow proper evaluation of the Intermediate Directory.
C:\Program Files\Microsoft Visual Studio\2022\Community\MSBuild\Microsoft\VC\v170\Microsoft.CppBuild.targets(517,5): warning MSB8004: Output Directory does not end with a trailing slash.  This build instance will add the slash as it is required to allow proper evaluation of the Output Directory.
C:\Program Files\Microsoft Visual Studio\2022\Community\MSBuild\Microsoft\VC\v170\Microsoft.CppBuild.targets(531,5): warning MSB8028: The intermediate directory (D:\dev\mechpad\MechPad\temp\) contains files shared from another project (PokemonGranite.vcxproj).  This can lead to incorrect clean and rebuild behavior.
  IndexBuffer.cpp
  Input.h
  main.cpp
  Renderer.cpp
  Shader.cpp
  TestTexture2D.cpp
C:\Program Files\Microsoft Visual Studio\2022\Community\VC\Tools\MSVC\14.36.32532\include\memory(3465,56): warning C4267: 'argument': conversion from 'size_t' to 'uint32_t', possible loss of data
D:\dev\mechpad\MechPad\src\tests\TestTexture2D.cpp(29,21): message : see reference to function template instantiation 'std::unique_ptr<VertexBuffer,std::default_delete<VertexBuffer>> std::make_unique<VertexBuffer,float(&)[16],size_t,0>(float (&)[16],size_t &&)' being compiled
  Texture.cpp
  VertexBuffer.cpp
  VertexBufferLayout.h
  Generating Code...
  LINK : D:\dev\mechpad\MechPad\bin\MechPad.exe not found or not built by the last incremental link; performing full link
glew32s.lib(glew.obj) : warning LNK4099: PDB '' was not found with 'glew32s.lib(glew.obj)' or at ''; linking object as if no debug info
LINK : warning LNK4098: defaultlib 'MSVCRT' conflicts with use of other libs; use /NODEFAULTLIB:library
LINK : warning LNK4098: defaultlib 'LIBCMT' conflicts with use of other libs; use /NODEFAULTLIB:library
  MechPad.vcxproj -> D:\dev\mechpad\MechPad\bin\MechPad.exe
