d:\dev\pokemongranite\temp\vc143.pdb
d:\dev\pokemongranite\temp\vc143.idb
d:\dev\pokemongranite\temp\viewport.obj
d:\dev\pokemongranite\temp\main.obj
d:\dev\pokemongranite\temp\input.obj
d:\dev\pokemongranite\temp\vertexbuffer.obj
d:\dev\pokemongranite\temp\renderer.obj
d:\dev\pokemongranite\temp\indexbuffer.obj
d:\dev\pokemongranite\temp\vertexbufferlayout.obj
d:\dev\pokemongranite\temp\vertexarray.obj
d:\dev\pokemongranite\temp\shader.obj
d:\dev\pokemongranite\temp\texture.obj
d:\dev\pokemongranite\temp\stb_image.obj
d:\dev\pokemongranite\temp\glm.obj
d:\dev\pokemongranite\temp\imgui_widgets.obj
d:\dev\pokemongranite\temp\imgui_tables.obj
d:\dev\pokemongranite\temp\imgui_impl_glfw.obj
d:\dev\pokemongranite\temp\imgui_draw.obj
d:\dev\pokemongranite\temp\imgui_demo.obj
d:\dev\pokemongranite\temp\imgui.obj
d:\dev\pokemongranite\temp\imgui_impl_opengl3.obj
d:\dev\pokemongranite\temp\testclearcolor.obj
d:\dev\pokemongranite\temp\model.obj
d:\dev\pokemongranite\temp\testtextures.obj
d:\dev\pokemongranite\temp\test.obj
d:\dev\pokemongranite\bin\pokemongranite.exe
d:\dev\pokemongranite\temp\pokemongranite.ilk
d:\dev\pokemongranite\bin\pokemongranite.pdb
d:\dev\pokemongranite\temp\input.obj.enc
d:\dev\pokemongranite\temp\main.obj.enc
d:\dev\pokemongranite\temp\pokemongranite.vcxproj.filelistabsolute.txt
d:\dev\pokemongranite\temp\pokemongranite.tlog\cl.command.1.tlog
d:\dev\pokemongranite\temp\pokemongranite.tlog\cl.items.tlog
d:\dev\pokemongranite\temp\pokemongranite.tlog\cl.read.1.tlog
d:\dev\pokemongranite\temp\pokemongranite.tlog\cl.write.1.tlog
d:\dev\pokemongranite\temp\pokemongranite.tlog\link.command.1.tlog
d:\dev\pokemongranite\temp\pokemongranite.tlog\link.read.1.tlog
d:\dev\pokemongranite\temp\pokemongranite.tlog\link.write.1.tlog
